
###### Testing test-AND
./toplevel.native testfiles/test-AND.gt > testfiles/stdout/test-AND.out
diff -b testfiles/stdout/test-AND.out testfiles/ref/test-AND.ref > testfiles/diff/test-AND.diff
FAILED testfiles/stdout/test-AND.out differs from testfiles/ref/test-AND.ref
###### FAILED

###### Testing test-NOT
./toplevel.native testfiles/test-NOT.gt > testfiles/stdout/test-NOT.out
diff -b testfiles/stdout/test-NOT.out testfiles/ref/test-NOT.ref > testfiles/diff/test-NOT.diff
FAILED testfiles/stdout/test-NOT.out differs from testfiles/ref/test-NOT.ref
###### FAILED

###### Testing test-OR
./toplevel.native testfiles/test-OR.gt > testfiles/stdout/test-OR.out
[31;1mLexing Error: [0m(line 1, col 1-2): (|) unrecognized character
###### FAILED

###### Testing test-binop+
./toplevel.native testfiles/test-binop+.gt > testfiles/stdout/test-binop+.out
diff -b testfiles/stdout/test-binop+.out testfiles/ref/test-binop+.ref > testfiles/diff/test-binop+.diff
FAILED testfiles/stdout/test-binop+.out differs from testfiles/ref/test-binop+.ref
###### FAILED

###### Testing test-binop-
./toplevel.native testfiles/test-binop-.gt > testfiles/stdout/test-binop-.out
diff -b testfiles/stdout/test-binop-.out testfiles/ref/test-binop-.ref > testfiles/diff/test-binop-.diff
FAILED testfiles/stdout/test-binop-.out differs from testfiles/ref/test-binop-.ref
###### FAILED

###### Testing test-binop-div
./toplevel.native testfiles/test-binop-div.gt > testfiles/stdout/test-binop-div.out
diff -b testfiles/stdout/test-binop-div.out testfiles/ref/test-binop-div.ref > testfiles/diff/test-binop-div.diff
FAILED testfiles/stdout/test-binop-div.out differs from testfiles/ref/test-binop-div.ref
###### FAILED

###### Testing test-binop-mod
./toplevel.native testfiles/test-binop-mod.gt > testfiles/stdout/test-binop-mod.out
diff -b testfiles/stdout/test-binop-mod.out testfiles/ref/test-binop-mod.ref > testfiles/diff/test-binop-mod.diff
FAILED testfiles/stdout/test-binop-mod.out differs from testfiles/ref/test-binop-mod.ref
###### FAILED

###### Testing test-binop-mul
./toplevel.native testfiles/test-binop-mul.gt > testfiles/stdout/test-binop-mul.out
diff -b testfiles/stdout/test-binop-mul.out testfiles/ref/test-binop-mul.ref > testfiles/diff/test-binop-mul.diff
FAILED testfiles/stdout/test-binop-mul.out differs from testfiles/ref/test-binop-mul.ref
###### FAILED

###### Testing test-bool-stresstest
./toplevel.native testfiles/test-bool-stresstest.gt > testfiles/stdout/test-bool-stresstest.out
[31;1mLexing Error: [0m(line 1, col 27-28): (|) unrecognized character
###### FAILED

###### Testing test-boolean
./toplevel.native testfiles/test-boolean.gt > testfiles/stdout/test-boolean.out
diff -b testfiles/stdout/test-boolean.out testfiles/ref/test-boolean.ref > testfiles/diff/test-boolean.diff
FAILED testfiles/stdout/test-boolean.out differs from testfiles/ref/test-boolean.ref
###### FAILED

###### Testing test-char
./toplevel.native testfiles/test-char.gt > testfiles/stdout/test-char.out
diff -b testfiles/stdout/test-char.out testfiles/ref/test-char.ref > testfiles/diff/test-char.diff
FAILED testfiles/stdout/test-char.out differs from testfiles/ref/test-char.ref
###### FAILED

###### Testing test-equalto
./toplevel.native testfiles/test-equalto.gt > testfiles/stdout/test-equalto.out
diff -b testfiles/stdout/test-equalto.out testfiles/ref/test-equalto.ref > testfiles/diff/test-equalto.diff
FAILED testfiles/stdout/test-equalto.out differs from testfiles/ref/test-equalto.ref
###### FAILED

###### Testing test-greaterequal
./toplevel.native testfiles/test-greaterequal.gt > testfiles/stdout/test-greaterequal.out
diff -b testfiles/stdout/test-greaterequal.out testfiles/ref/test-greaterequal.ref > testfiles/diff/test-greaterequal.diff
FAILED testfiles/stdout/test-greaterequal.out differs from testfiles/ref/test-greaterequal.ref
###### FAILED

###### Testing test-greaterthan
./toplevel.native testfiles/test-greaterthan.gt > testfiles/stdout/test-greaterthan.out
diff -b testfiles/stdout/test-greaterthan.out testfiles/ref/test-greaterthan.ref > testfiles/diff/test-greaterthan.diff
FAILED testfiles/stdout/test-greaterthan.out differs from testfiles/ref/test-greaterthan.ref
###### FAILED

###### Testing test-if
./toplevel.native testfiles/test-if.gt > testfiles/stdout/test-if.out
diff -b testfiles/stdout/test-if.out testfiles/ref/test-if.ref > testfiles/diff/test-if.diff
FAILED testfiles/stdout/test-if.out differs from testfiles/ref/test-if.ref
###### FAILED

###### Testing test-intboolchar
./toplevel.native testfiles/test-intboolchar.gt > testfiles/stdout/test-intboolchar.out
[31;1mLexing Error: [0m(line 1, col 11-12): (|) unrecognized character
###### FAILED

###### Testing test-integers
./toplevel.native testfiles/test-integers.gt > testfiles/stdout/test-integers.out
diff -b testfiles/stdout/test-integers.out testfiles/ref/test-integers.ref > testfiles/diff/test-integers.diff
FAILED testfiles/stdout/test-integers.out differs from testfiles/ref/test-integers.ref
###### FAILED

###### Testing test-lambda
./toplevel.native testfiles/test-lambda.gt > testfiles/stdout/test-lambda.out
[31;1mLexing Error: [0m(line 1, col 29-30): (|) unrecognized character
###### FAILED

###### Testing test-lessequal
./toplevel.native testfiles/test-lessequal.gt > testfiles/stdout/test-lessequal.out
diff -b testfiles/stdout/test-lessequal.out testfiles/ref/test-lessequal.ref > testfiles/diff/test-lessequal.diff
FAILED testfiles/stdout/test-lessequal.out differs from testfiles/ref/test-lessequal.ref
###### FAILED

###### Testing test-lessthan
./toplevel.native testfiles/test-lessthan.gt > testfiles/stdout/test-lessthan.out
diff -b testfiles/stdout/test-lessthan.out testfiles/ref/test-lessthan.ref > testfiles/diff/test-lessthan.diff
FAILED testfiles/stdout/test-lessthan.out differs from testfiles/ref/test-lessthan.ref
###### FAILED

###### Testing test-let
./toplevel.native testfiles/test-let.gt > testfiles/stdout/test-let.out
Fatal error: exception Stdlib.Parsing.Parse_error
###### FAILED

###### Testing test-neg1
./toplevel.native testfiles/test-neg1.gt > testfiles/stdout/test-neg1.out
diff -b testfiles/stdout/test-neg1.out testfiles/ref/test-neg1.ref > testfiles/diff/test-neg1.diff
FAILED testfiles/stdout/test-neg1.out differs from testfiles/ref/test-neg1.ref
###### FAILED

###### Testing test-nestedbinops
./toplevel.native testfiles/test-nestedbinops.gt > testfiles/stdout/test-nestedbinops.out
diff -b testfiles/stdout/test-nestedbinops.out testfiles/ref/test-nestedbinops.ref > testfiles/diff/test-nestedbinops.diff
FAILED testfiles/stdout/test-nestedbinops.out differs from testfiles/ref/test-nestedbinops.ref
###### FAILED

###### Testing test-notequal
./toplevel.native testfiles/test-notequal.gt > testfiles/stdout/test-notequal.out
diff -b testfiles/stdout/test-notequal.out testfiles/ref/test-notequal.ref > testfiles/diff/test-notequal.diff
FAILED testfiles/stdout/test-notequal.out differs from testfiles/ref/test-notequal.ref
###### FAILED

###### Testing test-val
./toplevel.native testfiles/test-val.gt > testfiles/stdout/test-val.out
diff -b testfiles/stdout/test-val.out testfiles/ref/test-val.ref > testfiles/diff/test-val.diff
FAILED testfiles/stdout/test-val.out differs from testfiles/ref/test-val.ref
###### FAILED

###### Testing fail-AND1
./toplevel.native testfiles/fail-AND1.gt 2> testfiles/stderr/fail-AND1.err
###### FAILED

###### Testing fail-AND2
./toplevel.native testfiles/fail-AND2.gt 2> testfiles/stderr/fail-AND2.err
###### FAILED

###### Testing fail-AND3
./toplevel.native testfiles/fail-AND3.gt 2> testfiles/stderr/fail-AND3.err
###### FAILED

###### Testing fail-NOT1
./toplevel.native testfiles/fail-NOT1.gt 2> testfiles/stderr/fail-NOT1.err
###### FAILED

###### Testing fail-NOT2
./toplevel.native testfiles/fail-NOT2.gt 2> testfiles/stderr/fail-NOT2.err
diff -b testfiles/stderr/fail-NOT2.err testfiles/ref/fail-NOT2.ref > testfiles/diff/fail-NOT2.diff
FAILED testfiles/stderr/fail-NOT2.err differs from testfiles/ref/fail-NOT2.ref
###### FAILED

###### Testing fail-NOT3
./toplevel.native testfiles/fail-NOT3.gt 2> testfiles/stderr/fail-NOT3.err
diff -b testfiles/stderr/fail-NOT3.err testfiles/ref/fail-NOT3.ref > testfiles/diff/fail-NOT3.diff
FAILED testfiles/stderr/fail-NOT3.err differs from testfiles/ref/fail-NOT3.ref
###### FAILED

###### Testing fail-OR1
./toplevel.native testfiles/fail-OR1.gt 2> testfiles/stderr/fail-OR1.err
diff -b testfiles/stderr/fail-OR1.err testfiles/ref/fail-OR1.ref > testfiles/diff/fail-OR1.diff
FAILED testfiles/stderr/fail-OR1.err differs from testfiles/ref/fail-OR1.ref
###### FAILED

###### Testing fail-OR2
./toplevel.native testfiles/fail-OR2.gt 2> testfiles/stderr/fail-OR2.err
diff -b testfiles/stderr/fail-OR2.err testfiles/ref/fail-OR2.ref > testfiles/diff/fail-OR2.diff
FAILED testfiles/stderr/fail-OR2.err differs from testfiles/ref/fail-OR2.ref
###### FAILED

###### Testing fail-OR3
./toplevel.native testfiles/fail-OR3.gt 2> testfiles/stderr/fail-OR3.err
diff -b testfiles/stderr/fail-OR3.err testfiles/ref/fail-OR3.ref > testfiles/diff/fail-OR3.diff
FAILED testfiles/stderr/fail-OR3.err differs from testfiles/ref/fail-OR3.ref
###### FAILED

###### Testing fail-bad_boolean1
./toplevel.native testfiles/fail-bad_boolean1.gt 2> testfiles/stderr/fail-bad_boolean1.err
###### FAILED

###### Testing fail-bad_boolean2
./toplevel.native testfiles/fail-bad_boolean2.gt 2> testfiles/stderr/fail-bad_boolean2.err
###### FAILED

###### Testing fail-bad_boolean3
./toplevel.native testfiles/fail-bad_boolean3.gt 2> testfiles/stderr/fail-bad_boolean3.err
###### FAILED

###### Testing fail-bad_boolean4
./toplevel.native testfiles/fail-bad_boolean4.gt 2> testfiles/stderr/fail-bad_boolean4.err
###### FAILED

###### Testing fail-binop+1
./toplevel.native testfiles/fail-binop+1.gt 2> testfiles/stderr/fail-binop+1.err
###### FAILED

###### Testing fail-binop+2
./toplevel.native testfiles/fail-binop+2.gt 2> testfiles/stderr/fail-binop+2.err
###### FAILED

###### Testing fail-binop+3
./toplevel.native testfiles/fail-binop+3.gt 2> testfiles/stderr/fail-binop+3.err
###### FAILED

###### Testing fail-binop-1
./toplevel.native testfiles/fail-binop-1.gt 2> testfiles/stderr/fail-binop-1.err
###### FAILED

###### Testing fail-binop_div1
./toplevel.native testfiles/fail-binop_div1.gt 2> testfiles/stderr/fail-binop_div1.err
###### FAILED

###### Testing fail-binop_div2
./toplevel.native testfiles/fail-binop_div2.gt 2> testfiles/stderr/fail-binop_div2.err
###### FAILED

###### Testing fail-binop_div3
./toplevel.native testfiles/fail-binop_div3.gt 2> testfiles/stderr/fail-binop_div3.err
###### FAILED

###### Testing fail-binop_mod1
./toplevel.native testfiles/fail-binop_mod1.gt 2> testfiles/stderr/fail-binop_mod1.err
###### FAILED

###### Testing fail-binop_mod2
./toplevel.native testfiles/fail-binop_mod2.gt 2> testfiles/stderr/fail-binop_mod2.err
###### FAILED

###### Testing fail-binop_mod3
./toplevel.native testfiles/fail-binop_mod3.gt 2> testfiles/stderr/fail-binop_mod3.err
###### FAILED

###### Testing fail-binop_mul1
./toplevel.native testfiles/fail-binop_mul1.gt 2> testfiles/stderr/fail-binop_mul1.err
###### FAILED

###### Testing fail-binop_mul2
./toplevel.native testfiles/fail-binop_mul2.gt 2> testfiles/stderr/fail-binop_mul2.err
###### FAILED

###### Testing fail-binop_mul3
./toplevel.native testfiles/fail-binop_mul3.gt 2> testfiles/stderr/fail-binop_mul3.err
###### FAILED

###### Testing fail-bool_stresstest
./toplevel.native testfiles/fail-bool_stresstest.gt 2> testfiles/stderr/fail-bool_stresstest.err
###### FAILED

###### Testing fail-char1
./toplevel.native testfiles/fail-char1.gt 2> testfiles/stderr/fail-char1.err
diff -b testfiles/stderr/fail-char1.err testfiles/ref/fail-char1.ref > testfiles/diff/fail-char1.diff
FAILED testfiles/stderr/fail-char1.err differs from testfiles/ref/fail-char1.ref
###### FAILED

###### Testing fail-char2
./toplevel.native testfiles/fail-char2.gt 2> testfiles/stderr/fail-char2.err
###### FAILED

###### Testing fail-equalto1
./toplevel.native testfiles/fail-equalto1.gt 2> testfiles/stderr/fail-equalto1.err
###### FAILED

###### Testing fail-equalto2
./toplevel.native testfiles/fail-equalto2.gt 2> testfiles/stderr/fail-equalto2.err
###### FAILED

###### Testing fail-equalto3
./toplevel.native testfiles/fail-equalto3.gt 2> testfiles/stderr/fail-equalto3.err
###### FAILED

###### Testing fail-greaterequal1
./toplevel.native testfiles/fail-greaterequal1.gt 2> testfiles/stderr/fail-greaterequal1.err
###### FAILED

###### Testing fail-greaterequal2
./toplevel.native testfiles/fail-greaterequal2.gt 2> testfiles/stderr/fail-greaterequal2.err
###### FAILED

###### Testing fail-greaterequal3
./toplevel.native testfiles/fail-greaterequal3.gt 2> testfiles/stderr/fail-greaterequal3.err
###### FAILED

###### Testing fail-greaterthan1
./toplevel.native testfiles/fail-greaterthan1.gt 2> testfiles/stderr/fail-greaterthan1.err
###### FAILED

###### Testing fail-greaterthan2
./toplevel.native testfiles/fail-greaterthan2.gt 2> testfiles/stderr/fail-greaterthan2.err
###### FAILED

###### Testing fail-greaterthan3
./toplevel.native testfiles/fail-greaterthan3.gt 2> testfiles/stderr/fail-greaterthan3.err
###### FAILED

###### Testing fail-if1
./toplevel.native testfiles/fail-if1.gt 2> testfiles/stderr/fail-if1.err
diff -b testfiles/stderr/fail-if1.err testfiles/ref/fail-if1.ref > testfiles/diff/fail-if1.diff
###### SUCCESS

###### Testing fail-if2
./toplevel.native testfiles/fail-if2.gt 2> testfiles/stderr/fail-if2.err
###### FAILED

###### Testing fail-if3
./toplevel.native testfiles/fail-if3.gt 2> testfiles/stderr/fail-if3.err
###### FAILED

###### Testing fail-if4
./toplevel.native testfiles/fail-if4.gt 2> testfiles/stderr/fail-if4.err
###### FAILED

###### Testing fail-int1
./toplevel.native testfiles/fail-int1.gt 2> testfiles/stderr/fail-int1.err
###### FAILED

###### Testing fail-lambda1
./toplevel.native testfiles/fail-lambda1.gt 2> testfiles/stderr/fail-lambda1.err
diff -b testfiles/stderr/fail-lambda1.err testfiles/ref/fail-lambda1.ref > testfiles/diff/fail-lambda1.diff
###### SUCCESS

###### Testing fail-lambda2
./toplevel.native testfiles/fail-lambda2.gt 2> testfiles/stderr/fail-lambda2.err
diff -b testfiles/stderr/fail-lambda2.err testfiles/ref/fail-lambda2.ref > testfiles/diff/fail-lambda2.diff
###### SUCCESS

###### Testing fail-lambda3
./toplevel.native testfiles/fail-lambda3.gt 2> testfiles/stderr/fail-lambda3.err
###### FAILED

###### Testing fail-lessequal1
./toplevel.native testfiles/fail-lessequal1.gt 2> testfiles/stderr/fail-lessequal1.err
###### FAILED

###### Testing fail-lessequal2
./toplevel.native testfiles/fail-lessequal2.gt 2> testfiles/stderr/fail-lessequal2.err
###### FAILED

###### Testing fail-lessequal3
./toplevel.native testfiles/fail-lessequal3.gt 2> testfiles/stderr/fail-lessequal3.err
###### FAILED

###### Testing fail-lessthan1
./toplevel.native testfiles/fail-lessthan1.gt 2> testfiles/stderr/fail-lessthan1.err
###### FAILED

###### Testing fail-lessthan2
./toplevel.native testfiles/fail-lessthan2.gt 2> testfiles/stderr/fail-lessthan2.err
###### FAILED

###### Testing fail-lessthan3
./toplevel.native testfiles/fail-lessthan3.gt 2> testfiles/stderr/fail-lessthan3.err
###### FAILED

###### Testing fail-let1
./toplevel.native testfiles/fail-let1.gt 2> testfiles/stderr/fail-let1.err
diff -b testfiles/stderr/fail-let1.err testfiles/ref/fail-let1.ref > testfiles/diff/fail-let1.diff
###### SUCCESS

###### Testing fail-let2
./toplevel.native testfiles/fail-let2.gt 2> testfiles/stderr/fail-let2.err
diff -b testfiles/stderr/fail-let2.err testfiles/ref/fail-let2.ref > testfiles/diff/fail-let2.diff
###### SUCCESS

###### Testing fail-nestedbinops
./toplevel.native testfiles/fail-nestedbinops.gt 2> testfiles/stderr/fail-nestedbinops.err
###### FAILED

###### Testing fail-notequal1
./toplevel.native testfiles/fail-notequal1.gt 2> testfiles/stderr/fail-notequal1.err
###### FAILED

###### Testing fail-notequal2
./toplevel.native testfiles/fail-notequal2.gt 2> testfiles/stderr/fail-notequal2.err
###### FAILED

###### Testing fail-notequal3
./toplevel.native testfiles/fail-notequal3.gt 2> testfiles/stderr/fail-notequal3.err
###### FAILED

###### Testing fail-val1
./toplevel.native testfiles/fail-val1.gt 2> testfiles/stderr/fail-val1.err
diff -b testfiles/stderr/fail-val1.err testfiles/ref/fail-val1.ref > testfiles/diff/fail-val1.diff
###### SUCCESS

###### Testing fail-val2
./toplevel.native testfiles/fail-val2.gt 2> testfiles/stderr/fail-val2.err
diff -b testfiles/stderr/fail-val2.err testfiles/ref/fail-val2.ref > testfiles/diff/fail-val2.diff
###### SUCCESS

###### Testing fail-val3
./toplevel.native testfiles/fail-val3.gt 2> testfiles/stderr/fail-val3.err
diff -b testfiles/stderr/fail-val3.err testfiles/ref/fail-val3.ref > testfiles/diff/fail-val3.diff
###### SUCCESS

###### Testing fail-val4
./toplevel.native testfiles/fail-val4.gt 2> testfiles/stderr/fail-val4.err
diff -b testfiles/stderr/fail-val4.err testfiles/ref/fail-val4.ref > testfiles/diff/fail-val4.diff
###### SUCCESS

###### Testing fail-val5
./toplevel.native testfiles/fail-val5.gt 2> testfiles/stderr/fail-val5.err
diff -b testfiles/stderr/fail-val5.err testfiles/ref/fail-val5.ref > testfiles/diff/fail-val5.diff
###### SUCCESS
